SF:lib/src/data/utils/html_sanitizer.dart
DA:7,0
DA:9,9
DA:15,9
DA:20,9
DA:27,3
DA:28,6
DA:29,6
DA:30,6
LF:8
LH:7
end_of_record
SF:lib/src/presentation/widgets/editorjs_view.dart
DA:20,1
DA:24,1
DA:26,1
DA:28,3
DA:29,3
DA:31,1
DA:33,1
DA:34,2
DA:35,3
DA:37,2
LF:10
LH:10
end_of_record
SF:lib/src/presentation/widgets/editorjs_editor.dart
DA:25,1
DA:29,1
DA:31,1
DA:32,1
DA:36,1
DA:38,1
DA:39,4
DA:42,0
DA:44,0
DA:45,0
DA:46,0
DA:47,0
DA:51,0
DA:53,1
DA:55,4
DA:56,1
DA:59,1
DA:61,3
DA:63,3
DA:65,1
DA:66,1
DA:67,1
DA:68,1
DA:70,1
DA:71,1
DA:72,1
DA:73,4
DA:75,0
DA:77,0
DA:79,1
DA:80,2
DA:82,1
DA:83,1
DA:84,0
DA:86,3
DA:87,0
DA:89,0
DA:96,1
DA:97,2
DA:98,3
DA:111,1
DA:118,1
DA:120,1
DA:122,1
DA:123,2
DA:124,1
DA:126,1
DA:127,1
DA:130,1
DA:132,1
DA:135,1
DA:137,1
DA:140,1
DA:141,1
DA:156,1
DA:163,1
DA:165,1
DA:166,1
DA:167,2
DA:169,1
DA:170,1
DA:171,1
DA:174,1
DA:175,1
DA:176,1
DA:177,1
DA:178,2
DA:189,0
DA:191,0
DA:193,0
DA:195,0
DA:196,0
DA:197,0
DA:198,0
LF:74
LH:56
end_of_record
SF:lib/src/presentation/controller/editor_controller.dart
DA:14,3
DA:39,3
DA:43,3
DA:44,6
DA:45,3
DA:55,2
DA:59,2
DA:60,2
DA:61,4
DA:62,2
DA:63,2
DA:64,2
DA:68,3
DA:71,6
DA:72,3
DA:75,12
DA:76,9
DA:78,3
DA:86,12
DA:93,9
DA:96,18
DA:104,3
DA:105,15
DA:106,6
DA:108,9
DA:109,6
DA:110,6
DA:112,9
DA:113,0
DA:115,12
DA:119,2
DA:120,2
DA:121,4
DA:122,6
DA:123,2
DA:124,2
DA:125,4
DA:126,2
DA:127,2
DA:128,4
DA:129,2
DA:133,1
DA:134,1
DA:135,2
DA:136,3
DA:137,1
DA:138,1
DA:139,2
DA:140,1
DA:141,1
DA:142,2
DA:143,1
DA:151,9
DA:158,3
DA:160,9
DA:162,2
DA:163,4
DA:164,6
DA:165,2
DA:166,2
DA:169,1
DA:170,2
DA:171,3
DA:172,1
DA:173,1
DA:182,1
DA:183,5
DA:184,2
DA:185,1
DA:188,2
DA:189,10
DA:190,4
DA:191,4
DA:192,2
DA:193,2
DA:196,1
DA:197,5
DA:198,5
DA:199,2
DA:200,2
DA:201,2
DA:202,2
DA:203,1
DA:204,1
DA:207,1
DA:208,2
DA:209,2
DA:210,1
DA:211,1
DA:215,1
DA:216,1
DA:217,2
DA:219,1
DA:221,2
LF:94
LH:93
end_of_record
SF:lib/src/presentation/config/editor_config.dart
DA:14,2
DA:18,2
DA:19,2
LF:3
LH:3
end_of_record
SF:lib/src/data/registry/block_type_registry.dart
DA:25,5
DA:26,5
DA:27,5
DA:28,5
DA:29,5
DA:30,5
DA:31,5
DA:32,5
DA:33,5
DA:34,5
DA:35,5
DA:36,5
DA:37,5
DA:38,5
DA:39,5
DA:43,5
DA:44,15
DA:49,4
DA:50,12
DA:53,0
LF:20
LH:19
end_of_record
SF:lib/src/presentation/registry/block_renderer_registry.dart
DA:62,3
DA:63,3
DA:66,3
DA:67,3
DA:68,2
DA:69,3
DA:70,2
DA:71,3
DA:72,2
DA:73,3
DA:74,2
DA:75,3
DA:76,0
DA:77,3
DA:78,2
DA:79,3
DA:80,2
DA:81,3
DA:82,2
DA:83,3
DA:84,2
DA:85,3
DA:86,2
DA:87,3
DA:88,2
DA:89,3
DA:90,0
DA:91,3
DA:92,2
DA:93,3
DA:94,0
DA:96,3
DA:97,2
DA:98,3
DA:99,2
DA:100,3
DA:101,2
DA:102,3
DA:103,2
DA:104,3
DA:105,0
DA:106,3
DA:107,2
DA:108,3
DA:109,2
DA:110,3
DA:111,2
DA:112,3
DA:113,2
DA:114,3
DA:115,2
DA:118,3
DA:119,6
DA:122,3
DA:123,6
DA:127,1
DA:128,4
DA:132,1
DA:133,4
DA:136,0
DA:137,0
LF:61
LH:55
end_of_record
SF:lib/src/presentation/blocks/base_block_renderer.dart
DA:14,1
LF:1
LH:1
end_of_record
SF:lib/src/presentation/blocks/base_block_editor.dart
DA:16,2
LF:1
LH:1
end_of_record
SF:lib/src/domain/entities/block_entity.dart
DA:2,10
LF:1
LH:1
end_of_record
SF:lib/src/domain/entities/block_document.dart
DA:8,5
DA:14,6
DA:15,3
DA:16,3
DA:17,3
DA:18,15
DA:19,3
LF:7
LH:7
end_of_record
SF:lib/src/domain/entities/style_config.dart
DA:5,1
DA:17,1
LF:2
LH:2
end_of_record
SF:lib/src/domain/entities/blocks/header_block.dart
DA:10,7
DA:15,5
DA:18,3
DA:19,3
DA:20,3
DA:21,3
LF:6
LH:6
end_of_record
SF:lib/src/domain/entities/blocks/paragraph_block.dart
DA:7,9
DA:9,5
DA:12,3
DA:13,6
LF:4
LH:4
end_of_record
SF:lib/src/domain/entities/blocks/list_block.dart
DA:12,7
DA:14,2
DA:15,0
DA:16,1
DA:19,2
DA:20,1
DA:21,5
DA:29,8
DA:34,3
DA:37,1
DA:38,1
DA:39,2
DA:40,5
LF:13
LH:12
end_of_record
SF:lib/src/domain/entities/blocks/delimiter_block.dart
DA:4,6
DA:6,3
DA:9,1
DA:10,1
LF:4
LH:4
end_of_record
SF:lib/src/domain/entities/blocks/image_block.dart
DA:10,6
DA:18,1
DA:21,1
DA:22,1
DA:23,2
DA:24,1
DA:25,1
DA:26,1
DA:27,1
LF:9
LH:9
end_of_record
SF:lib/src/domain/entities/blocks/quote_block.dart
DA:14,7
DA:20,3
DA:23,1
DA:24,1
DA:25,1
DA:26,1
DA:27,2
LF:7
LH:7
end_of_record
SF:lib/src/domain/entities/blocks/code_block.dart
DA:7,7
DA:9,3
DA:12,1
DA:13,2
LF:4
LH:4
end_of_record
SF:lib/src/domain/entities/blocks/checklist_block.dart
DA:7,8
DA:9,4
DA:10,2
DA:11,0
DA:14,4
DA:20,8
DA:22,3
DA:25,1
DA:26,1
DA:27,5
LF:10
LH:9
end_of_record
SF:lib/src/domain/entities/blocks/table_block.dart
DA:10,8
DA:15,3
DA:18,1
DA:19,1
DA:20,1
DA:21,1
LF:6
LH:6
end_of_record
SF:lib/src/domain/entities/blocks/warning_block.dart
DA:7,7
DA:9,3
DA:12,1
DA:13,3
LF:4
LH:4
end_of_record
SF:lib/src/domain/entities/blocks/embed_block.dart
DA:18,3
DA:27,2
DA:30,1
DA:31,1
DA:32,2
DA:33,2
DA:34,2
DA:35,3
DA:36,3
DA:37,2
LF:10
LH:10
end_of_record
SF:lib/src/domain/entities/blocks/link_tool_block.dart
DA:8,2
DA:10,2
DA:11,3
DA:12,3
DA:13,4
DA:21,2
DA:23,1
DA:26,1
DA:27,1
DA:28,2
DA:29,4
LF:11
LH:11
end_of_record
SF:lib/src/domain/entities/blocks/attaches_block.dart
DA:13,3
DA:21,2
DA:24,1
DA:25,1
DA:26,1
DA:27,2
DA:28,1
DA:29,3
DA:30,3
DA:32,1
LF:10
LH:10
end_of_record
SF:lib/src/domain/entities/blocks/raw_block.dart
DA:7,2
DA:9,1
DA:12,1
DA:13,2
LF:4
LH:4
end_of_record
SF:lib/src/data/datasources/json_document_source.dart
DA:13,5
DA:15,4
DA:19,4
DA:20,3
DA:21,3
DA:22,6
DA:26,0
DA:27,0
DA:28,0
DA:35,13
DA:38,4
DA:39,8
DA:40,12
DA:41,8
DA:42,4
DA:43,0
DA:44,8
DA:45,3
DA:46,3
DA:47,3
DA:53,4
DA:54,4
DA:56,4
DA:57,10
DA:58,4
DA:63,2
DA:64,4
LF:27
LH:23
end_of_record
SF:lib/src/data/mappers/attaches_mapper.dart
DA:5,6
DA:7,5
DA:10,2
DA:12,6
DA:13,2
DA:14,6
DA:15,6
DA:16,4
DA:17,1
DA:19,2
DA:20,2
DA:21,3
DA:24,6
LF:13
LH:13
end_of_record
SF:lib/src/data/mappers/checklist_mapper.dart
DA:5,6
DA:7,5
DA:10,3
DA:13,10
DA:14,3
DA:15,9
DA:16,3
DA:17,9
DA:18,9
DA:20,3
LF:10
LH:10
end_of_record
SF:lib/src/data/mappers/code_mapper.dart
DA:5,6
DA:7,5
DA:10,2
DA:12,4
LF:4
LH:4
end_of_record
SF:lib/src/data/mappers/delimiter_mapper.dart
DA:5,6
DA:7,5
DA:10,4
LF:3
LH:3
end_of_record
SF:lib/src/data/mappers/embed_mapper.dart
DA:5,6
DA:7,5
DA:10,2
DA:11,2
DA:12,6
DA:13,6
DA:14,6
DA:15,2
DA:16,2
DA:17,3
DA:20,2
DA:21,2
DA:22,3
DA:26,5
LF:14
LH:14
end_of_record
SF:lib/src/data/mappers/header_mapper.dart
DA:5,6
DA:7,5
DA:10,5
DA:11,5
DA:12,10
DA:13,5
DA:14,1
DA:15,15
LF:8
LH:8
end_of_record
SF:lib/src/data/mappers/image_mapper.dart
DA:5,6
DA:7,5
DA:10,1
DA:12,3
DA:13,1
DA:14,3
DA:15,3
DA:16,3
DA:17,3
DA:18,3
LF:10
LH:10
end_of_record
SF:lib/src/data/mappers/link_tool_mapper.dart
DA:5,6
DA:7,5
DA:10,1
DA:12,1
DA:13,3
DA:17,1
DA:18,1
DA:19,1
DA:20,1
DA:23,1
DA:24,1
LF:11
LH:11
end_of_record
SF:lib/src/data/mappers/list_mapper.dart
DA:5,6
DA:7,5
DA:10,2
DA:12,2
DA:13,3
DA:15,2
DA:16,2
DA:17,6
DA:23,2
DA:24,2
DA:25,1
DA:27,2
DA:28,2
DA:29,2
DA:30,2
DA:31,6
DA:34,0
LF:17
LH:16
end_of_record
SF:lib/src/data/mappers/paragraph_mapper.dart
DA:5,6
DA:7,5
DA:10,4
DA:11,4
DA:12,4
LF:5
LH:5
end_of_record
SF:lib/src/data/mappers/quote_mapper.dart
DA:5,6
DA:7,5
DA:10,2
DA:12,2
DA:13,2
DA:14,2
DA:15,2
DA:16,2
DA:17,6
DA:18,1
LF:10
LH:10
end_of_record
SF:lib/src/data/mappers/raw_mapper.dart
DA:5,6
DA:7,5
DA:10,1
DA:12,2
LF:4
LH:4
end_of_record
SF:lib/src/data/mappers/table_mapper.dart
DA:5,6
DA:7,5
DA:10,2
DA:13,7
DA:14,2
DA:15,6
DA:16,4
DA:17,2
DA:18,8
DA:19,2
LF:10
LH:10
end_of_record
SF:lib/src/data/mappers/warning_mapper.dart
DA:5,6
DA:7,5
DA:10,2
DA:11,2
DA:12,2
DA:13,2
LF:6
LH:6
end_of_record
SF:lib/src/domain/usecases/parse_document.dart
DA:7,3
DA:9,9
LF:2
LH:2
end_of_record
SF:lib/src/domain/usecases/serialize_document.dart
DA:7,3
DA:9,3
LF:2
LH:2
end_of_record
SF:lib/src/presentation/blocks/attaches/attaches_renderer.dart
DA:8,1
DA:11,2
DA:14,6
DA:15,5
DA:17,2
DA:18,6
DA:19,0
DA:20,0
DA:22,0
DA:23,0
DA:24,0
DA:25,0
DA:29,2
DA:30,2
DA:32,2
DA:33,4
DA:34,2
DA:35,2
DA:37,2
DA:38,2
DA:39,2
DA:41,2
DA:42,2
DA:43,2
DA:45,2
DA:46,6
DA:47,2
DA:52,2
DA:53,2
DA:55,2
DA:56,2
DA:58,2
DA:61,2
DA:66,4
DA:67,1
DA:68,1
DA:69,1
DA:70,2
DA:71,1
DA:72,1
DA:74,1
DA:75,1
DA:81,2
DA:82,2
DA:89,3
DA:90,2
DA:91,4
DA:92,4
DA:93,6
DA:94,6
DA:95,6
DA:99,0
DA:100,0
DA:101,0
DA:102,0
LF:55
LH:45
end_of_record
SF:lib/src/presentation/blocks/checklist/checklist_editor.dart
DA:7,2
DA:9,2
DA:10,2
DA:17,2
DA:19,2
DA:20,10
DA:21,2
DA:22,12
DA:25,2
DA:27,4
DA:28,2
DA:30,2
DA:33,1
DA:34,6
DA:36,1
DA:37,2
DA:38,8
DA:40,1
DA:43,1
DA:44,2
DA:45,2
DA:46,3
DA:48,1
DA:51,0
DA:52,0
DA:53,0
DA:54,0
DA:55,0
DA:57,0
DA:60,2
DA:62,2
DA:64,2
DA:65,8
DA:66,2
DA:67,2
DA:68,2
DA:69,6
DA:70,2
DA:72,2
DA:73,2
DA:74,4
DA:75,0
DA:76,0
DA:77,0
DA:85,2
DA:87,6
DA:91,2
DA:92,2
LF:48
LH:39
end_of_record
SF:lib/src/presentation/blocks/checklist/checklist_renderer.dart
DA:7,1
DA:9,2
DA:11,2
DA:13,8
DA:14,2
DA:16,2
DA:17,2
DA:19,2
DA:20,2
DA:24,2
DA:25,6
DA:29,2
DA:30,2
DA:31,2
DA:32,2
DA:33,2
DA:35,2
DA:36,2
DA:42,2
LF:19
LH:19
end_of_record
SF:lib/src/presentation/blocks/code/code_editor.dart
DA:7,2
DA:9,2
DA:10,2
DA:16,2
DA:18,2
DA:19,10
DA:22,2
DA:24,4
DA:25,2
DA:28,2
DA:30,2
DA:32,2
DA:34,2
DA:37,2
DA:38,2
DA:39,0
LF:16
LH:15
end_of_record
SF:lib/src/presentation/blocks/code/code_renderer.dart
DA:8,1
DA:10,2
DA:12,2
DA:14,2
DA:16,2
DA:18,2
DA:19,2
DA:20,2
DA:23,2
DA:24,4
DA:33,2
DA:36,2
DA:39,0
LF:13
LH:12
end_of_record
SF:lib/src/presentation/blocks/delimiter/delimiter_editor.dart
DA:7,1
DA:13,1
DA:14,1
DA:18,1
LF:4
LH:4
end_of_record
SF:lib/src/presentation/blocks/delimiter/delimiter_renderer.dart
DA:7,1
DA:9,2
LF:2
LH:2
end_of_record
SF:lib/src/presentation/blocks/embed/embed_renderer.dart
DA:8,1
DA:10,2
DA:12,2
DA:13,6
DA:14,0
DA:15,0
DA:17,0
DA:18,0
DA:19,0
DA:20,0
DA:27,2
DA:28,2
DA:29,2
DA:30,4
DA:31,2
DA:32,2
DA:34,2
DA:36,2
DA:38,2
DA:42,2
DA:43,2
DA:48,2
DA:49,2
DA:53,2
DA:54,6
DA:55,6
DA:57,2
DA:61,2
DA:71,2
DA:74,2
DA:75,4
DA:76,2
DA:78,2
DA:80,2
DA:87,4
DA:88,0
DA:90,0
DA:91,0
DA:92,0
DA:94,0
DA:96,0
DA:106,2
DA:107,10
LF:43
LH:31
end_of_record
SF:lib/src/presentation/blocks/header/header_editor.dart
DA:7,2
DA:13,2
DA:14,2
DA:20,2
DA:22,2
DA:23,10
DA:26,2
DA:28,4
DA:29,2
DA:32,0
DA:33,0
DA:36,2
DA:38,6
DA:39,2
DA:40,2
DA:41,0
DA:42,0
DA:43,0
DA:47,2
DA:49,2
DA:50,2
DA:51,2
DA:52,2
DA:54,8
DA:56,2
DA:57,8
LF:26
LH:21
end_of_record
SF:lib/src/presentation/blocks/header/header_renderer.dart
DA:7,1
DA:9,2
DA:11,2
DA:13,2
DA:14,4
DA:15,2
DA:16,6
DA:17,6
DA:18,2
DA:24,2
DA:25,2
DA:26,1
DA:27,1
DA:28,1
DA:29,1
DA:33,2
DA:34,2
LF:17
LH:17
end_of_record
SF:lib/src/presentation/blocks/image/image_editor.dart
DA:10,1
DA:16,1
DA:17,1
DA:24,0
DA:25,0
DA:27,0
DA:29,0
DA:32,1
DA:34,5
DA:36,1
DA:38,1
DA:40,1
DA:41,1
DA:42,1
DA:43,3
DA:45,1
DA:48,1
DA:49,1
DA:50,1
DA:51,0
DA:55,1
DA:56,0
DA:68,6
DA:70,1
DA:72,1
DA:74,1
LF:26
LH:20
end_of_record
SF:lib/src/presentation/blocks/image/image_renderer.dart
DA:7,0
DA:9,1
DA:11,1
DA:12,2
DA:13,2
DA:14,1
DA:17,2
DA:18,0
DA:23,2
DA:24,0
DA:25,0
DA:26,0
DA:27,0
DA:33,2
DA:34,0
DA:35,0
DA:36,0
DA:43,1
DA:45,1
DA:47,5
DA:48,1
DA:50,1
DA:51,2
DA:52,1
DA:54,1
DA:56,1
DA:66,6
DA:68,1
DA:70,1
DA:72,1
LF:30
LH:21
end_of_record
SF:lib/src/presentation/blocks/link_tool/link_tool_renderer.dart
DA:8,0
DA:11,1
DA:13,2
DA:15,1
DA:16,3
DA:17,0
DA:18,0
DA:22,0
DA:25,0
DA:26,0
DA:33,1
DA:34,1
DA:35,1
DA:36,2
DA:37,1
DA:39,1
DA:41,1
DA:43,1
DA:44,0
DA:47,0
DA:48,0
DA:52,0
DA:57,1
DA:59,1
DA:60,1
DA:62,1
DA:64,1
DA:65,3
DA:66,1
DA:67,1
DA:68,1
DA:71,1
DA:76,1
DA:77,2
DA:78,1
DA:80,1
DA:81,1
DA:82,1
DA:84,1
DA:85,1
DA:91,1
DA:93,1
DA:94,2
DA:95,1
DA:97,1
DA:98,1
DA:116,6
DA:118,1
DA:120,1
DA:123,1
DA:124,1
LF:51
LH:41
end_of_record
SF:lib/src/presentation/blocks/list/list_editor.dart
DA:7,2
DA:9,2
DA:10,2
DA:17,2
DA:19,2
DA:20,10
DA:21,2
DA:22,12
DA:25,2
DA:27,4
DA:28,2
DA:30,2
DA:33,0
DA:35,0
DA:36,0
DA:37,0
DA:38,0
DA:39,0
DA:40,0
DA:41,0
DA:44,0
DA:45,0
DA:47,0
DA:49,0
DA:54,0
DA:55,0
DA:57,0
DA:58,0
DA:63,1
DA:64,4
DA:65,3
DA:66,2
DA:70,1
DA:71,2
DA:72,2
DA:73,3
DA:75,1
DA:78,0
DA:79,0
DA:80,0
DA:81,0
DA:82,0
DA:84,0
DA:87,2
DA:89,2
DA:91,2
DA:92,8
DA:93,2
DA:94,2
DA:95,2
DA:97,2
DA:98,8
DA:99,1
DA:100,1
DA:104,2
DA:105,2
DA:106,4
DA:107,0
DA:108,0
DA:109,0
DA:114,2
DA:116,6
DA:120,2
DA:121,2
LF:64
LH:39
end_of_record
SF:lib/src/presentation/blocks/list/list_renderer.dart
DA:11,1
DA:13,2
DA:15,2
DA:17,12
DA:21,2
DA:27,2
DA:30,2
DA:31,4
DA:32,2
DA:34,2
DA:35,2
DA:36,2
DA:38,2
DA:39,4
DA:40,2
DA:42,0
DA:46,2
DA:47,2
DA:48,4
DA:49,2
DA:54,4
DA:55,3
LF:22
LH:21
end_of_record
SF:lib/src/presentation/utils/html_style_builder.dart
DA:11,0
DA:17,3
DA:18,3
DA:20,1
DA:21,3
DA:24,8
DA:25,3
DA:26,1
DA:27,2
DA:29,3
DA:31,3
DA:32,1
DA:39,1
DA:41,1
DA:45,2
DA:47,1
DA:48,2
DA:55,1
DA:61,1
LF:19
LH:18
end_of_record
SF:lib/src/presentation/blocks/paragraph/paragraph_editor.dart
DA:7,2
DA:13,2
DA:14,2
DA:22,2
DA:24,2
DA:25,10
DA:26,4
DA:27,3
DA:28,5
DA:32,2
DA:34,4
DA:35,4
DA:36,2
DA:39,0
DA:41,0
DA:42,0
DA:43,0
DA:44,0
DA:46,0
DA:51,1
DA:52,4
DA:55,0
DA:56,0
DA:57,0
DA:58,0
DA:62,0
DA:64,0
DA:65,0
DA:67,0
DA:68,0
DA:69,0
DA:72,0
DA:74,0
DA:76,0
DA:79,2
DA:81,2
DA:83,2
DA:85,2
DA:86,2
DA:87,2
DA:88,2
DA:89,2
DA:90,2
DA:91,2
DA:108,1
DA:110,1
DA:112,1
DA:114,1
DA:115,1
DA:116,1
DA:120,0
DA:122,1
DA:126,0
DA:128,1
DA:132,0
DA:134,1
DA:138,0
DA:140,1
DA:144,0
DA:146,1
DA:150,0
DA:169,1
DA:181,1
DA:183,1
DA:184,1
DA:185,1
DA:186,1
DA:187,1
DA:188,1
DA:192,1
DA:193,1
DA:194,1
DA:195,1
DA:198,1
DA:199,1
DA:200,1
DA:201,1
DA:203,1
DA:204,1
DA:205,1
DA:207,1
DA:210,1
LF:82
LH:57
end_of_record
SF:lib/src/presentation/blocks/paragraph/paragraph_renderer.dart
DA:10,1
DA:12,2
DA:14,2
DA:15,6
DA:16,4
LF:5
LH:5
end_of_record
SF:lib/src/presentation/blocks/quote/quote_editor.dart
DA:7,2
DA:9,2
DA:10,2
DA:18,2
DA:20,2
DA:21,10
DA:22,10
DA:23,8
DA:26,2
DA:28,4
DA:29,4
DA:30,2
DA:33,0
DA:34,0
DA:35,0
DA:36,0
DA:39,2
DA:41,2
DA:43,2
DA:44,2
DA:45,2
DA:46,6
DA:51,2
DA:53,2
DA:54,2
DA:55,2
DA:56,0
DA:64,2
DA:65,2
DA:66,0
DA:72,4
DA:74,2
DA:75,2
DA:78,2
DA:79,2
DA:81,2
DA:82,4
DA:83,4
DA:84,0
DA:85,0
DA:86,0
LF:41
LH:32
end_of_record
SF:lib/src/presentation/blocks/quote/quote_renderer.dart
DA:10,1
DA:12,2
DA:14,4
DA:15,2
DA:16,2
DA:17,2
DA:20,4
DA:21,4
DA:22,2
DA:24,2
DA:26,2
DA:28,2
DA:31,2
DA:33,2
DA:34,2
DA:35,2
DA:36,6
DA:40,8
DA:42,2
DA:43,6
DA:44,2
DA:45,2
DA:46,6
DA:49,10
DA:50,2
DA:52,2
DA:53,6
DA:55,2
DA:57,2
DA:59,2
DA:68,2
DA:69,2
DA:70,2
DA:71,2
LF:34
LH:34
end_of_record
SF:lib/src/presentation/blocks/raw/raw_renderer.dart
DA:11,0
DA:13,1
DA:15,1
DA:16,3
DA:17,2
LF:5
LH:4
end_of_record
SF:lib/src/presentation/blocks/table/table_editor.dart
DA:7,2
DA:9,2
DA:10,2
DA:17,2
DA:19,2
DA:20,8
DA:21,12
DA:23,2
DA:24,0
DA:25,8
DA:26,2
DA:28,8
DA:31,2
DA:33,4
DA:34,4
DA:35,2
DA:38,2
DA:41,6
DA:43,14
DA:45,1
DA:46,4
DA:47,1
DA:48,1
DA:49,6
DA:50,1
DA:54,1
DA:55,2
DA:56,2
DA:57,4
DA:60,1
DA:63,1
DA:64,2
DA:65,2
DA:66,2
DA:69,1
DA:72,0
DA:73,0
DA:74,0
DA:75,0
DA:76,0
DA:78,0
DA:80,0
DA:83,0
DA:84,0
DA:85,0
DA:86,0
DA:87,0
DA:88,0
DA:89,0
DA:93,0
DA:96,2
DA:98,2
DA:100,2
DA:101,2
DA:102,2
DA:103,2
DA:104,2
DA:105,1
DA:106,3
DA:107,1
DA:113,2
DA:115,2
DA:117,2
DA:118,8
DA:119,2
DA:120,2
DA:121,10
DA:122,2
DA:124,2
DA:125,6
DA:126,0
DA:127,2
DA:128,4
DA:132,2
DA:134,2
DA:137,4
DA:144,2
DA:146,0
DA:152,2
DA:153,2
DA:154,6
DA:155,2
DA:157,2
DA:158,2
DA:161,0
DA:171,2
DA:172,2
DA:173,2
DA:174,2
DA:178,2
DA:179,2
LF:91
LH:72
end_of_record
SF:lib/src/presentation/blocks/table/table_renderer.dart
DA:7,1
DA:9,2
DA:11,6
DA:13,12
DA:14,4
DA:16,2
DA:18,2
DA:20,2
DA:21,4
DA:22,12
DA:23,2
DA:24,2
DA:25,6
DA:27,2
DA:29,4
DA:31,4
DA:33,6
DA:34,2
DA:37,2
DA:39,2
DA:42,2
DA:48,2
LF:22
LH:22
end_of_record
SF:lib/src/presentation/blocks/warning/warning_editor.dart
DA:7,2
DA:9,2
DA:10,2
DA:17,2
DA:19,2
DA:20,10
DA:21,10
DA:24,2
DA:26,4
DA:27,4
DA:28,2
DA:31,0
DA:32,0
DA:33,0
DA:36,2
DA:38,2
DA:40,2
DA:42,2
DA:43,2
DA:45,2
DA:47,2
DA:53,2
DA:54,2
DA:55,2
DA:56,2
DA:57,2
DA:58,0
DA:66,2
DA:67,2
DA:68,0
LF:30
LH:25
end_of_record
SF:lib/src/presentation/blocks/warning/warning_renderer.dart
DA:7,1
DA:9,2
DA:11,2
DA:13,2
DA:15,2
DA:16,2
DA:18,2
DA:20,2
DA:26,2
DA:27,2
DA:29,2
DA:30,6
DA:31,2
DA:33,2
DA:34,4
DA:35,2
DA:37,2
DA:41,2
DA:42,4
DA:43,4
LF:20
LH:20
end_of_record
SF:lib/src/presentation/widgets/editorjs_toolbar.dart
DA:24,2
DA:30,2
DA:32,2
DA:33,2
DA:34,2
DA:35,6
DA:36,6
DA:38,2
DA:40,2
DA:41,2
DA:43,2
DA:46,3
DA:48,4
DA:49,2
DA:50,2
DA:51,2
DA:52,1
DA:53,3
DA:55,2
DA:58,1
DA:59,2
DA:61,2
DA:64,3
DA:67,2
DA:70,3
DA:77,2
DA:80,3
DA:87,2
DA:90,3
DA:97,2
DA:100,3
DA:109,2
DA:112,3
DA:114,2
DA:117,1
DA:118,2
DA:121,2
DA:124,3
DA:126,2
DA:129,2
DA:132,2
DA:135,6
DA:137,2
DA:140,4
DA:142,2
DA:145,6
DA:146,6
DA:156,1
DA:157,1
DA:158,1
DA:160,1
DA:162,2
DA:164,1
DA:166,1
DA:167,1
DA:172,1
DA:179,1
DA:180,1
DA:181,2
DA:184,1
DA:185,1
DA:186,2
DA:187,2
DA:188,1
DA:189,3
DA:190,2
DA:193,1
DA:209,2
DA:214,2
DA:216,2
DA:218,2
DA:219,4
DA:220,2
DA:221,2
DA:229,2
DA:230,2
DA:231,2
DA:232,2
DA:233,2
LF:79
LH:79
end_of_record
